mode: set
github.com/cybertec-postgresql/vip-manager/ipmanager/basicConfigurer.go:23.76,25.89 2 0
github.com/cybertec-postgresql/vip-manager/ipmanager/basicConfigurer.go:25.89,29.3 1 0
github.com/cybertec-postgresql/vip-manager/ipmanager/basicConfigurer.go:30.2,30.15 1 0
github.com/cybertec-postgresql/vip-manager/ipmanager/basicConfigurer.go:34.47,36.16 2 0
github.com/cybertec-postgresql/vip-manager/ipmanager/basicConfigurer.go:36.16,38.3 1 0
github.com/cybertec-postgresql/vip-manager/ipmanager/basicConfigurer.go:39.2,40.16 2 0
github.com/cybertec-postgresql/vip-manager/ipmanager/basicConfigurer.go:40.16,42.3 1 0
github.com/cybertec-postgresql/vip-manager/ipmanager/basicConfigurer.go:43.2,43.36 1 0
github.com/cybertec-postgresql/vip-manager/ipmanager/basicConfigurer.go:43.36,44.54 1 0
github.com/cybertec-postgresql/vip-manager/ipmanager/basicConfigurer.go:44.54,46.4 1 0
github.com/cybertec-postgresql/vip-manager/ipmanager/basicConfigurer.go:48.2,48.14 1 0
github.com/cybertec-postgresql/vip-manager/ipmanager/basicConfigurer.go:57.65,85.83 5 0
github.com/cybertec-postgresql/vip-manager/ipmanager/basicConfigurer.go:85.83,87.3 1 0
github.com/cybertec-postgresql/vip-manager/ipmanager/basicConfigurer.go:89.2,89.28 1 0
github.com/cybertec-postgresql/vip-manager/ipmanager/basicConfigurer_windows.go:10.70,13.16 2 0
github.com/cybertec-postgresql/vip-manager/ipmanager/basicConfigurer_windows.go:13.16,15.3 1 0
github.com/cybertec-postgresql/vip-manager/ipmanager/basicConfigurer_windows.go:16.2,19.12 3 0
github.com/cybertec-postgresql/vip-manager/ipmanager/basicConfigurer_windows.go:23.51,31.16 4 0
github.com/cybertec-postgresql/vip-manager/ipmanager/basicConfigurer_windows.go:31.16,34.3 2 0
github.com/cybertec-postgresql/vip-manager/ipmanager/basicConfigurer_windows.go:35.2,36.16 2 0
github.com/cybertec-postgresql/vip-manager/ipmanager/basicConfigurer_windows.go:36.16,39.3 2 0
github.com/cybertec-postgresql/vip-manager/ipmanager/basicConfigurer_windows.go:41.2,41.54 1 0
github.com/cybertec-postgresql/vip-manager/ipmanager/basicConfigurer_windows.go:41.54,43.3 1 0
github.com/cybertec-postgresql/vip-manager/ipmanager/basicConfigurer_windows.go:43.8,44.58 1 0
github.com/cybertec-postgresql/vip-manager/ipmanager/basicConfigurer_windows.go:44.58,46.4 1 0
github.com/cybertec-postgresql/vip-manager/ipmanager/basicConfigurer_windows.go:48.2,48.13 1 0
github.com/cybertec-postgresql/vip-manager/ipmanager/basicConfigurer_windows.go:52.53,55.16 3 0
github.com/cybertec-postgresql/vip-manager/ipmanager/basicConfigurer_windows.go:55.16,58.3 2 0
github.com/cybertec-postgresql/vip-manager/ipmanager/basicConfigurer_windows.go:59.2,59.13 1 0
github.com/cybertec-postgresql/vip-manager/ipmanager/hetznerConfigurer.go:31.94,38.2 2 0
github.com/cybertec-postgresql/vip-manager/ipmanager/hetznerConfigurer.go:44.38,46.31 2 0
github.com/cybertec-postgresql/vip-manager/ipmanager/hetznerConfigurer.go:46.31,48.3 1 0
github.com/cybertec-postgresql/vip-manager/ipmanager/hetznerConfigurer.go:49.2,53.26 3 0
github.com/cybertec-postgresql/vip-manager/ipmanager/hetznerConfigurer.go:56.74,63.16 3 0
github.com/cybertec-postgresql/vip-manager/ipmanager/hetznerConfigurer.go:63.16,66.3 2 0
github.com/cybertec-postgresql/vip-manager/ipmanager/hetznerConfigurer.go:67.2,76.21 5 0
github.com/cybertec-postgresql/vip-manager/ipmanager/hetznerConfigurer.go:76.21,78.19 2 0
github.com/cybertec-postgresql/vip-manager/ipmanager/hetznerConfigurer.go:79.15,80.32 1 0
github.com/cybertec-postgresql/vip-manager/ipmanager/hetznerConfigurer.go:81.15,82.36 1 0
github.com/cybertec-postgresql/vip-manager/ipmanager/hetznerConfigurer.go:85.2,85.34 1 0
github.com/cybertec-postgresql/vip-manager/ipmanager/hetznerConfigurer.go:85.34,88.3 2 0
github.com/cybertec-postgresql/vip-manager/ipmanager/hetznerConfigurer.go:99.2,100.10 2 0
github.com/cybertec-postgresql/vip-manager/ipmanager/hetznerConfigurer.go:100.10,102.17 2 0
github.com/cybertec-postgresql/vip-manager/ipmanager/hetznerConfigurer.go:102.17,105.4 2 0
github.com/cybertec-postgresql/vip-manager/ipmanager/hetznerConfigurer.go:106.3,119.47 3 0
github.com/cybertec-postgresql/vip-manager/ipmanager/hetznerConfigurer.go:120.8,131.3 2 0
github.com/cybertec-postgresql/vip-manager/ipmanager/hetznerConfigurer.go:133.2,135.16 2 0
github.com/cybertec-postgresql/vip-manager/ipmanager/hetznerConfigurer.go:135.16,137.3 1 0
github.com/cybertec-postgresql/vip-manager/ipmanager/hetznerConfigurer.go:139.2,141.20 2 0
github.com/cybertec-postgresql/vip-manager/ipmanager/hetznerConfigurer.go:148.77,154.16 4 0
github.com/cybertec-postgresql/vip-manager/ipmanager/hetznerConfigurer.go:154.16,157.3 2 0
github.com/cybertec-postgresql/vip-manager/ipmanager/hetznerConfigurer.go:159.2,159.23 1 0
github.com/cybertec-postgresql/vip-manager/ipmanager/hetznerConfigurer.go:159.23,168.3 3 0
github.com/cybertec-postgresql/vip-manager/ipmanager/hetznerConfigurer.go:170.2,170.26 1 0
github.com/cybertec-postgresql/vip-manager/ipmanager/hetznerConfigurer.go:170.26,189.3 8 0
github.com/cybertec-postgresql/vip-manager/ipmanager/hetznerConfigurer.go:191.2,191.51 1 0
github.com/cybertec-postgresql/vip-manager/ipmanager/hetznerConfigurer.go:194.49,195.50 1 0
github.com/cybertec-postgresql/vip-manager/ipmanager/hetznerConfigurer.go:195.50,201.3 2 0
github.com/cybertec-postgresql/vip-manager/ipmanager/hetznerConfigurer.go:201.8,205.24 1 0
github.com/cybertec-postgresql/vip-manager/ipmanager/hetznerConfigurer.go:206.19,207.15 1 0
github.com/cybertec-postgresql/vip-manager/ipmanager/hetznerConfigurer.go:208.17,209.16 1 0
github.com/cybertec-postgresql/vip-manager/ipmanager/hetznerConfigurer.go:213.2,214.16 2 0
github.com/cybertec-postgresql/vip-manager/ipmanager/hetznerConfigurer.go:214.16,217.3 1 0
github.com/cybertec-postgresql/vip-manager/ipmanager/hetznerConfigurer.go:217.8,219.3 1 0
github.com/cybertec-postgresql/vip-manager/ipmanager/hetznerConfigurer.go:221.2,222.16 2 0
github.com/cybertec-postgresql/vip-manager/ipmanager/hetznerConfigurer.go:222.16,225.3 1 0
github.com/cybertec-postgresql/vip-manager/ipmanager/hetznerConfigurer.go:227.2,228.16 2 0
github.com/cybertec-postgresql/vip-manager/ipmanager/hetznerConfigurer.go:228.16,232.3 3 0
github.com/cybertec-postgresql/vip-manager/ipmanager/hetznerConfigurer.go:234.2,234.49 1 0
github.com/cybertec-postgresql/vip-manager/ipmanager/hetznerConfigurer.go:234.49,238.3 2 0
github.com/cybertec-postgresql/vip-manager/ipmanager/hetznerConfigurer.go:240.2,241.14 2 0
github.com/cybertec-postgresql/vip-manager/ipmanager/hetznerConfigurer.go:244.53,248.2 1 0
github.com/cybertec-postgresql/vip-manager/ipmanager/hetznerConfigurer.go:250.55,255.2 2 0
github.com/cybertec-postgresql/vip-manager/ipmanager/hetznerConfigurer.go:257.60,259.16 2 0
github.com/cybertec-postgresql/vip-manager/ipmanager/hetznerConfigurer.go:259.16,263.3 3 0
github.com/cybertec-postgresql/vip-manager/ipmanager/hetznerConfigurer.go:264.2,265.16 2 0
github.com/cybertec-postgresql/vip-manager/ipmanager/hetznerConfigurer.go:265.16,268.3 2 0
github.com/cybertec-postgresql/vip-manager/ipmanager/hetznerConfigurer.go:270.2,273.16 3 0
github.com/cybertec-postgresql/vip-manager/ipmanager/hetznerConfigurer.go:273.16,277.3 3 0
github.com/cybertec-postgresql/vip-manager/ipmanager/hetznerConfigurer.go:279.2,279.49 1 0
github.com/cybertec-postgresql/vip-manager/ipmanager/hetznerConfigurer.go:279.49,284.3 3 0
github.com/cybertec-postgresql/vip-manager/ipmanager/hetznerConfigurer.go:286.2,291.14 3 0
github.com/cybertec-postgresql/vip-manager/ipmanager/ip_configuration.go:19.44,21.2 1 0
github.com/cybertec-postgresql/vip-manager/ipmanager/ip_configuration.go:23.39,25.15 2 0
github.com/cybertec-postgresql/vip-manager/ipmanager/ip_configuration.go:25.15,26.24 1 0
github.com/cybertec-postgresql/vip-manager/ipmanager/ip_configuration.go:28.2,28.13 1 0
github.com/cybertec-postgresql/vip-manager/ipmanager/ip_manager.go:33.51,34.15 1 1
github.com/cybertec-postgresql/vip-manager/ipmanager/ip_manager.go:34.15,35.28 1 1
github.com/cybertec-postgresql/vip-manager/ipmanager/ip_manager.go:35.28,37.4 1 1
github.com/cybertec-postgresql/vip-manager/ipmanager/ip_manager.go:38.3,39.26 2 0
github.com/cybertec-postgresql/vip-manager/ipmanager/ip_manager.go:41.2,41.32 1 1
github.com/cybertec-postgresql/vip-manager/ipmanager/ip_manager.go:44.56,46.16 2 1
github.com/cybertec-postgresql/vip-manager/ipmanager/ip_manager.go:46.16,48.3 1 1
github.com/cybertec-postgresql/vip-manager/ipmanager/ip_manager.go:49.2,49.36 1 0
github.com/cybertec-postgresql/vip-manager/ipmanager/ip_manager.go:49.36,51.3 1 0
github.com/cybertec-postgresql/vip-manager/ipmanager/ip_manager.go:52.2,52.22 1 0
github.com/cybertec-postgresql/vip-manager/ipmanager/ip_manager.go:56.89,58.16 2 1
github.com/cybertec-postgresql/vip-manager/ipmanager/ip_manager.go:58.16,60.3 1 1
github.com/cybertec-postgresql/vip-manager/ipmanager/ip_manager.go:61.2,63.16 3 1
github.com/cybertec-postgresql/vip-manager/ipmanager/ip_manager.go:63.16,65.3 1 1
github.com/cybertec-postgresql/vip-manager/ipmanager/ip_manager.go:66.2,78.26 5 0
github.com/cybertec-postgresql/vip-manager/ipmanager/ip_manager.go:79.17,80.65 1 0
github.com/cybertec-postgresql/vip-manager/ipmanager/ip_manager.go:81.15,82.14 1 0
github.com/cybertec-postgresql/vip-manager/ipmanager/ip_manager.go:83.10,84.49 1 0
github.com/cybertec-postgresql/vip-manager/ipmanager/ip_manager.go:86.2,86.16 1 0
github.com/cybertec-postgresql/vip-manager/ipmanager/ip_manager.go:86.16,88.3 1 0
github.com/cybertec-postgresql/vip-manager/ipmanager/ip_manager.go:89.2,89.8 1 0
github.com/cybertec-postgresql/vip-manager/ipmanager/ip_manager.go:92.52,94.6 2 1
github.com/cybertec-postgresql/vip-manager/ipmanager/ip_manager.go:94.6,101.30 4 1
github.com/cybertec-postgresql/vip-manager/ipmanager/ip_manager.go:101.30,103.21 2 1
github.com/cybertec-postgresql/vip-manager/ipmanager/ip_manager.go:103.21,105.5 1 1
github.com/cybertec-postgresql/vip-manager/ipmanager/ip_manager.go:105.10,107.5 1 1
github.com/cybertec-postgresql/vip-manager/ipmanager/ip_manager.go:108.4,108.13 1 1
github.com/cybertec-postgresql/vip-manager/ipmanager/ip_manager.go:108.13,110.5 1 0
github.com/cybertec-postgresql/vip-manager/ipmanager/ip_manager.go:112.3,112.10 1 1
github.com/cybertec-postgresql/vip-manager/ipmanager/ip_manager.go:113.21,114.10 1 1
github.com/cybertec-postgresql/vip-manager/ipmanager/ip_manager.go:115.24,115.24 0 1
github.com/cybertec-postgresql/vip-manager/ipmanager/ip_manager.go:116.54,116.54 0 0
github.com/cybertec-postgresql/vip-manager/ipmanager/ip_manager.go:122.73,124.6 2 1
github.com/cybertec-postgresql/vip-manager/ipmanager/ip_manager.go:124.6,125.10 1 1
github.com/cybertec-postgresql/vip-manager/ipmanager/ip_manager.go:126.29,127.42 1 1
github.com/cybertec-postgresql/vip-manager/ipmanager/ip_manager.go:127.42,130.5 2 1
github.com/cybertec-postgresql/vip-manager/ipmanager/ip_manager.go:131.21,133.10 2 1
github.com/cybertec-postgresql/vip-manager/main.go:24.13,25.55 1 0
github.com/cybertec-postgresql/vip-manager/main.go:25.55,30.3 4 0
github.com/cybertec-postgresql/vip-manager/main.go:32.2,33.16 2 0
github.com/cybertec-postgresql/vip-manager/main.go:33.16,36.3 2 0
github.com/cybertec-postgresql/vip-manager/main.go:37.2,38.15 2 0
github.com/cybertec-postgresql/vip-manager/main.go:38.15,38.41 1 0
github.com/cybertec-postgresql/vip-manager/main.go:40.2,41.16 2 0
github.com/cybertec-postgresql/vip-manager/main.go:41.16,43.3 1 0
github.com/cybertec-postgresql/vip-manager/main.go:45.2,47.16 3 0
github.com/cybertec-postgresql/vip-manager/main.go:47.16,49.3 1 0
github.com/cybertec-postgresql/vip-manager/main.go:51.2,53.12 2 0
github.com/cybertec-postgresql/vip-manager/main.go:53.12,59.3 5 0
github.com/cybertec-postgresql/vip-manager/main.go:61.2,63.12 3 0
github.com/cybertec-postgresql/vip-manager/main.go:63.12,65.44 2 0
github.com/cybertec-postgresql/vip-manager/main.go:65.44,67.4 1 0
github.com/cybertec-postgresql/vip-manager/main.go:68.3,68.12 1 0
github.com/cybertec-postgresql/vip-manager/main.go:71.2,72.12 2 0
github.com/cybertec-postgresql/vip-manager/main.go:72.12,75.3 2 0
github.com/cybertec-postgresql/vip-manager/main.go:77.2,77.11 1 0
github.com/cybertec-postgresql/vip-manager/iphlpapi/ziphlapi_windows.go:27.38,28.11 1 0
github.com/cybertec-postgresql/vip-manager/iphlpapi/ziphlapi_windows.go:29.9,30.25 1 0
github.com/cybertec-postgresql/vip-manager/iphlpapi/ziphlapi_windows.go:31.29,32.29 1 0
github.com/cybertec-postgresql/vip-manager/iphlpapi/ziphlapi_windows.go:37.2,37.10 1 0
github.com/cybertec-postgresql/vip-manager/iphlpapi/ziphlapi_windows.go:47.123,49.13 2 0
github.com/cybertec-postgresql/vip-manager/iphlpapi/ziphlapi_windows.go:49.13,51.3 1 0
github.com/cybertec-postgresql/vip-manager/iphlpapi/ziphlapi_windows.go:52.2,52.8 1 0
github.com/cybertec-postgresql/vip-manager/iphlpapi/ziphlapi_windows.go:55.57,57.13 2 0
github.com/cybertec-postgresql/vip-manager/iphlpapi/ziphlapi_windows.go:57.13,59.3 1 0
github.com/cybertec-postgresql/vip-manager/iphlpapi/ziphlapi_windows.go:60.2,60.8 1 0
github.com/cybertec-postgresql/vip-manager/vipconfig/config.go:48.35,84.2 23 1
github.com/cybertec-postgresql/vip-manager/vipconfig/config.go:86.34,95.31 2 1
github.com/cybertec-postgresql/vip-manager/vipconfig/config.go:95.31,96.18 1 1
github.com/cybertec-postgresql/vip-manager/vipconfig/config.go:96.18,98.4 1 1
github.com/cybertec-postgresql/vip-manager/vipconfig/config.go:102.2,102.31 1 1
github.com/cybertec-postgresql/vip-manager/vipconfig/config.go:102.31,104.34 2 1
github.com/cybertec-postgresql/vip-manager/vipconfig/config.go:105.17,106.61 1 1
github.com/cybertec-postgresql/vip-manager/vipconfig/config.go:107.24,108.61 1 1
github.com/cybertec-postgresql/vip-manager/vipconfig/config.go:109.18,110.62 1 1
github.com/cybertec-postgresql/vip-manager/vipconfig/config.go:115.2,115.78 1 1
github.com/cybertec-postgresql/vip-manager/vipconfig/config.go:115.78,117.3 1 1
github.com/cybertec-postgresql/vip-manager/vipconfig/config.go:120.2,120.70 1 1
github.com/cybertec-postgresql/vip-manager/vipconfig/config.go:120.70,122.43 2 1
github.com/cybertec-postgresql/vip-manager/vipconfig/config.go:122.43,124.4 1 1
github.com/cybertec-postgresql/vip-manager/vipconfig/config.go:124.9,126.4 1 1
github.com/cybertec-postgresql/vip-manager/vipconfig/config.go:127.3,127.17 1 1
github.com/cybertec-postgresql/vip-manager/vipconfig/config.go:127.17,129.4 1 0
github.com/cybertec-postgresql/vip-manager/vipconfig/config.go:129.9,132.4 2 1
github.com/cybertec-postgresql/vip-manager/vipconfig/config.go:136.2,136.54 1 1
github.com/cybertec-postgresql/vip-manager/vipconfig/config.go:136.54,138.3 1 1
github.com/cybertec-postgresql/vip-manager/vipconfig/config.go:141.53,142.20 1 1
github.com/cybertec-postgresql/vip-manager/vipconfig/config.go:142.20,145.3 2 1
github.com/cybertec-postgresql/vip-manager/vipconfig/config.go:146.2,146.13 1 1
github.com/cybertec-postgresql/vip-manager/vipconfig/config.go:149.43,159.33 3 1
github.com/cybertec-postgresql/vip-manager/vipconfig/config.go:159.33,161.3 1 1
github.com/cybertec-postgresql/vip-manager/vipconfig/config.go:162.2,162.14 1 1
github.com/cybertec-postgresql/vip-manager/vipconfig/config.go:162.14,164.3 1 1
github.com/cybertec-postgresql/vip-manager/vipconfig/config.go:165.2,165.33 1 1
github.com/cybertec-postgresql/vip-manager/vipconfig/config.go:169.78,170.42 1 1
github.com/cybertec-postgresql/vip-manager/vipconfig/config.go:170.42,173.3 2 1
github.com/cybertec-postgresql/vip-manager/vipconfig/config.go:174.2,174.13 1 1
github.com/cybertec-postgresql/vip-manager/vipconfig/config.go:178.50,186.35 3 1
github.com/cybertec-postgresql/vip-manager/vipconfig/config.go:186.35,188.3 1 1
github.com/cybertec-postgresql/vip-manager/vipconfig/config.go:189.2,189.14 1 1
github.com/cybertec-postgresql/vip-manager/vipconfig/config.go:189.14,191.3 1 1
github.com/cybertec-postgresql/vip-manager/vipconfig/config.go:192.2,192.12 1 1
github.com/cybertec-postgresql/vip-manager/vipconfig/config.go:195.36,198.38 2 1
github.com/cybertec-postgresql/vip-manager/vipconfig/config.go:198.38,199.16 1 1
github.com/cybertec-postgresql/vip-manager/vipconfig/config.go:199.16,200.13 1 1
github.com/cybertec-postgresql/vip-manager/vipconfig/config.go:201.25,202.16 1 1
github.com/cybertec-postgresql/vip-manager/vipconfig/config.go:203.24,204.52 1 1
github.com/cybertec-postgresql/vip-manager/vipconfig/config.go:205.12,206.54 1 1
github.com/cybertec-postgresql/vip-manager/vipconfig/config.go:211.2,213.19 3 1
github.com/cybertec-postgresql/vip-manager/vipconfig/config.go:213.19,215.3 1 1
github.com/cybertec-postgresql/vip-manager/vipconfig/config.go:218.43,219.23 1 1
github.com/cybertec-postgresql/vip-manager/vipconfig/config.go:219.23,221.42 2 1
github.com/cybertec-postgresql/vip-manager/vipconfig/config.go:221.42,223.4 1 1
github.com/cybertec-postgresql/vip-manager/vipconfig/config.go:224.3,224.65 1 1
github.com/cybertec-postgresql/vip-manager/vipconfig/config.go:226.2,226.12 1 1
github.com/cybertec-postgresql/vip-manager/vipconfig/config.go:230.35,232.2 1 1
github.com/cybertec-postgresql/vip-manager/vipconfig/config.go:234.48,239.41 4 1
github.com/cybertec-postgresql/vip-manager/vipconfig/config.go:239.41,241.3 1 1
github.com/cybertec-postgresql/vip-manager/vipconfig/config.go:243.2,263.41 6 1
github.com/cybertec-postgresql/vip-manager/vipconfig/config.go:263.41,265.3 1 1
github.com/cybertec-postgresql/vip-manager/vipconfig/config.go:268.2,268.118 1 1
github.com/cybertec-postgresql/vip-manager/vipconfig/config.go:268.118,270.3 1 1
github.com/cybertec-postgresql/vip-manager/vipconfig/config.go:271.2,272.41 2 1
github.com/cybertec-postgresql/vip-manager/vipconfig/config.go:272.41,274.3 1 1
github.com/cybertec-postgresql/vip-manager/vipconfig/config.go:276.2,277.41 2 1
github.com/cybertec-postgresql/vip-manager/vipconfig/config.go:277.41,279.3 1 0
github.com/cybertec-postgresql/vip-manager/vipconfig/config.go:281.2,284.18 3 1
github.com/cybertec-postgresql/vip-manager/vipconfig/config.go:287.34,325.16 4 1
github.com/cybertec-postgresql/vip-manager/vipconfig/config.go:325.16,326.13 1 0
github.com/cybertec-postgresql/vip-manager/checker/consul_leader_checker.go:21.89,25.16 3 1
github.com/cybertec-postgresql/vip-manager/checker/consul_leader_checker.go:25.16,27.3 1 1
github.com/cybertec-postgresql/vip-manager/checker/consul_leader_checker.go:29.2,29.26 1 1
github.com/cybertec-postgresql/vip-manager/checker/consul_leader_checker.go:29.26,31.3 1 1
github.com/cybertec-postgresql/vip-manager/checker/consul_leader_checker.go:33.2,40.56 2 1
github.com/cybertec-postgresql/vip-manager/checker/consul_leader_checker.go:40.56,42.3 1 0
github.com/cybertec-postgresql/vip-manager/checker/consul_leader_checker.go:44.2,44.16 1 1
github.com/cybertec-postgresql/vip-manager/checker/consul_leader_checker.go:48.103,56.6 3 1
github.com/cybertec-postgresql/vip-manager/checker/consul_leader_checker.go:56.6,58.17 2 1
github.com/cybertec-postgresql/vip-manager/checker/consul_leader_checker.go:58.17,59.24 1 1
github.com/cybertec-postgresql/vip-manager/checker/consul_leader_checker.go:59.24,60.20 1 1
github.com/cybertec-postgresql/vip-manager/checker/consul_leader_checker.go:62.4,65.12 4 1
github.com/cybertec-postgresql/vip-manager/checker/consul_leader_checker.go:67.3,67.18 1 1
github.com/cybertec-postgresql/vip-manager/checker/consul_leader_checker.go:67.18,71.12 4 1
github.com/cybertec-postgresql/vip-manager/checker/consul_leader_checker.go:74.3,77.10 3 1
github.com/cybertec-postgresql/vip-manager/checker/consul_leader_checker.go:78.21,79.19 1 1
github.com/cybertec-postgresql/vip-manager/checker/consul_leader_checker.go:80.21,82.12 2 1
github.com/cybertec-postgresql/vip-manager/checker/consul_leader_checker.go:86.2,86.18 1 1
github.com/cybertec-postgresql/vip-manager/checker/etcd_leader_checker.go:23.79,25.16 2 1
github.com/cybertec-postgresql/vip-manager/checker/etcd_leader_checker.go:25.16,27.3 1 1
github.com/cybertec-postgresql/vip-manager/checker/etcd_leader_checker.go:28.2,38.16 3 1
github.com/cybertec-postgresql/vip-manager/checker/etcd_leader_checker.go:38.16,40.3 1 0
github.com/cybertec-postgresql/vip-manager/checker/etcd_leader_checker.go:41.2,41.41 1 1
github.com/cybertec-postgresql/vip-manager/checker/etcd_leader_checker.go:44.64,47.27 2 1
github.com/cybertec-postgresql/vip-manager/checker/etcd_leader_checker.go:47.27,49.17 2 1
github.com/cybertec-postgresql/vip-manager/checker/etcd_leader_checker.go:49.17,51.4 1 1
github.com/cybertec-postgresql/vip-manager/checker/etcd_leader_checker.go:53.3,54.40 2 1
github.com/cybertec-postgresql/vip-manager/checker/etcd_leader_checker.go:56.2,58.55 2 1
github.com/cybertec-postgresql/vip-manager/checker/etcd_leader_checker.go:58.55,60.17 2 1
github.com/cybertec-postgresql/vip-manager/checker/etcd_leader_checker.go:60.17,62.4 1 1
github.com/cybertec-postgresql/vip-manager/checker/etcd_leader_checker.go:64.3,64.41 1 1
github.com/cybertec-postgresql/vip-manager/checker/etcd_leader_checker.go:66.2,67.23 2 1
github.com/cybertec-postgresql/vip-manager/checker/etcd_leader_checker.go:67.23,69.26 2 1
github.com/cybertec-postgresql/vip-manager/checker/etcd_leader_checker.go:69.26,71.4 1 1
github.com/cybertec-postgresql/vip-manager/checker/etcd_leader_checker.go:73.2,73.29 1 1
github.com/cybertec-postgresql/vip-manager/checker/etcd_leader_checker.go:77.73,79.16 2 1
github.com/cybertec-postgresql/vip-manager/checker/etcd_leader_checker.go:79.16,83.3 3 0
github.com/cybertec-postgresql/vip-manager/checker/etcd_leader_checker.go:84.2,84.17 1 1
github.com/cybertec-postgresql/vip-manager/checker/etcd_leader_checker.go:84.17,88.3 3 0
github.com/cybertec-postgresql/vip-manager/checker/etcd_leader_checker.go:89.2,89.24 1 1
github.com/cybertec-postgresql/vip-manager/checker/etcd_leader_checker.go:89.24,93.3 3 1
github.com/cybertec-postgresql/vip-manager/checker/etcd_leader_checker.go:94.2,94.30 1 1
github.com/cybertec-postgresql/vip-manager/checker/etcd_leader_checker.go:94.30,97.3 2 1
github.com/cybertec-postgresql/vip-manager/checker/etcd_leader_checker.go:101.81,104.6 3 1
github.com/cybertec-postgresql/vip-manager/checker/etcd_leader_checker.go:104.6,105.10 1 1
github.com/cybertec-postgresql/vip-manager/checker/etcd_leader_checker.go:106.21,107.20 1 1
github.com/cybertec-postgresql/vip-manager/checker/etcd_leader_checker.go:108.33,109.26 1 1
github.com/cybertec-postgresql/vip-manager/checker/etcd_leader_checker.go:109.26,112.13 3 0
github.com/cybertec-postgresql/vip-manager/checker/etcd_leader_checker.go:114.4,114.42 1 1
github.com/cybertec-postgresql/vip-manager/checker/etcd_leader_checker.go:114.42,117.13 3 0
github.com/cybertec-postgresql/vip-manager/checker/etcd_leader_checker.go:119.4,119.43 1 1
github.com/cybertec-postgresql/vip-manager/checker/etcd_leader_checker.go:119.43,122.5 2 1
github.com/cybertec-postgresql/vip-manager/checker/etcd_leader_checker.go:128.103,134.2 5 1
github.com/cybertec-postgresql/vip-manager/checker/leader_checker.go:19.69,23.26 3 1
github.com/cybertec-postgresql/vip-manager/checker/leader_checker.go:24.16,25.40 1 1
github.com/cybertec-postgresql/vip-manager/checker/leader_checker.go:26.23,27.38 1 1
github.com/cybertec-postgresql/vip-manager/checker/leader_checker.go:28.17,29.41 1 1
github.com/cybertec-postgresql/vip-manager/checker/leader_checker.go:30.10,31.35 1 1
github.com/cybertec-postgresql/vip-manager/checker/leader_checker.go:34.2,34.16 1 1
github.com/cybertec-postgresql/vip-manager/checker/patroni_leader_checker.go:22.85,24.16 2 1
github.com/cybertec-postgresql/vip-manager/checker/patroni_leader_checker.go:24.16,26.3 1 1
github.com/cybertec-postgresql/vip-manager/checker/patroni_leader_checker.go:28.2,40.8 3 1
github.com/cybertec-postgresql/vip-manager/checker/patroni_leader_checker.go:44.104,45.6 1 1
github.com/cybertec-postgresql/vip-manager/checker/patroni_leader_checker.go:45.6,46.10 1 1
github.com/cybertec-postgresql/vip-manager/checker/patroni_leader_checker.go:47.21,48.14 1 1
github.com/cybertec-postgresql/vip-manager/checker/patroni_leader_checker.go:49.67,52.18 3 1
github.com/cybertec-postgresql/vip-manager/checker/patroni_leader_checker.go:52.18,55.13 3 1
github.com/cybertec-postgresql/vip-manager/checker/patroni_leader_checker.go:57.4,58.49 2 1
github.com/cybertec-postgresql/vip-manager/checker/patroni_leader_checker.go:58.49,60.5 1 1
github.com/cybertec-postgresql/vip-manager/checker/patroni_leader_checker.go:61.4,61.55 1 1
